20-03-2023 00:08:48.829 [restartedMain] INFO  c.m.M.MayAirlinesApplication.logStarting - Starting MayAirlinesApplication using Java 17.0.1 with PID 17968 (C:\Users\makif\IdeaProjects\MAYAirlines\target\classes started by makif in C:\Users\makif\IdeaProjects\MAYAirlines)
20-03-2023 00:08:48.834 [restartedMain] INFO  c.m.M.MayAirlinesApplication.logStartupProfileInfo - The following 1 profile is active: "dev"
20-03-2023 00:08:48.870 [restartedMain] INFO  o.s.b.d.e.DevToolsPropertyDefaultsPostProcessor.logTo - Devtools property defaults active! Set 'spring.devtools.add-properties' to 'false' to disable
20-03-2023 00:08:48.874 [restartedMain] INFO  o.s.b.d.e.DevToolsPropertyDefaultsPostProcessor.logTo - For additional web related logging consider setting the 'logging.level.web' property to 'DEBUG'
20-03-2023 00:08:49.453 [restartedMain] INFO  o.s.d.r.c.RepositoryConfigurationDelegate.registerRepositoriesIn - Bootstrapping Spring Data JPA repositories in DEFAULT mode.
20-03-2023 00:08:49.509 [restartedMain] INFO  o.s.d.r.c.RepositoryConfigurationDelegate.registerRepositoriesIn - Finished Spring Data repository scanning in 51 ms. Found 9 JPA repository interfaces.
20-03-2023 00:08:49.958 [restartedMain] INFO  o.s.b.w.e.tomcat.TomcatWebServer.initialize - Tomcat initialized with port(s): 8080 (http)
20-03-2023 00:08:49.967 [restartedMain] INFO  o.a.catalina.core.StandardService.log - Starting service [Tomcat]
20-03-2023 00:08:49.968 [restartedMain] INFO  o.a.catalina.core.StandardEngine.log - Starting Servlet engine: [Apache Tomcat/10.1.5]
20-03-2023 00:08:50.011 [restartedMain] INFO  o.a.c.c.C.[Tomcat].[localhost].[/].log - Initializing Spring embedded WebApplicationContext
20-03-2023 00:08:50.011 [restartedMain] INFO  o.s.b.w.s.c.ServletWebServerApplicationContext.prepareWebApplicationContext - Root WebApplicationContext: initialization completed in 1136 ms
20-03-2023 00:08:50.100 [restartedMain] INFO  o.h.jpa.internal.util.LogHelper.logPersistenceUnitInformation - HHH000204: Processing PersistenceUnitInfo [name: default]
20-03-2023 00:08:50.133 [restartedMain] INFO  org.hibernate.Version.logVersion - HHH000412: Hibernate ORM core version 6.1.6.Final
20-03-2023 00:08:50.262 [restartedMain] WARN  org.hibernate.orm.deprecation.normalizeSettings - HHH90000021: Encountered deprecated setting [javax.persistence.validation.mode], use [jakarta.persistence.validation.mode] instead
20-03-2023 00:08:50.285 [restartedMain] WARN  org.hibernate.orm.deprecation.lambda$new$1 - HHH90000021: Encountered deprecated setting [javax.persistence.sharedCache.mode], use [jakarta.persistence.sharedCache.mode] instead
20-03-2023 00:08:50.381 [restartedMain] INFO  com.zaxxer.hikari.HikariDataSource.getConnection - HikariPool-1 - Starting...
20-03-2023 00:08:50.616 [restartedMain] INFO  com.zaxxer.hikari.pool.HikariPool.checkFailFast - HikariPool-1 - Added connection org.postgresql.jdbc.PgConnection@4a534636
20-03-2023 00:08:50.618 [restartedMain] INFO  com.zaxxer.hikari.HikariDataSource.getConnection - HikariPool-1 - Start completed.
20-03-2023 00:08:50.640 [restartedMain] INFO  SQL dialect.logSelectedDialect - HHH000400: Using dialect: org.hibernate.dialect.PostgreSQLDialect
20-03-2023 00:08:51.414 [restartedMain] INFO  o.h.e.t.j.p.i.JtaPlatformInitiator.initiateService - HHH000490: Using JtaPlatform implementation: [org.hibernate.engine.transaction.jta.platform.internal.NoJtaPlatform]
20-03-2023 00:08:51.421 [restartedMain] INFO  o.s.o.j.LocalContainerEntityManagerFactoryBean.buildNativeEntityManagerFactory - Initialized JPA EntityManagerFactory for persistence unit 'default'
20-03-2023 00:08:52.088 [restartedMain] WARN  o.s.b.a.o.j.JpaBaseConfiguration$JpaWebConfiguration.openEntityManagerInViewInterceptor - spring.jpa.open-in-view is enabled by default. Therefore, database queries may be performed during view rendering. Explicitly configure spring.jpa.open-in-view to disable this warning
20-03-2023 00:08:52.247 [restartedMain] INFO  o.s.s.web.DefaultSecurityFilterChain.<init> - Will secure any request with [org.springframework.security.web.session.DisableEncodeUrlFilter@3bd27ce1, org.springframework.security.web.context.request.async.WebAsyncManagerIntegrationFilter@3b9bf519, org.springframework.security.web.context.SecurityContextHolderFilter@2539b1f2, org.springframework.security.web.header.HeaderWriterFilter@2be5922e, org.springframework.security.web.authentication.logout.LogoutFilter@7bd999a2, com.may.MAYAirlines.auth.JwtAuthenticationFilter@70be6684, org.springframework.security.web.savedrequest.RequestCacheAwareFilter@27a908ea, org.springframework.security.web.servletapi.SecurityContextHolderAwareRequestFilter@50242b4e, org.springframework.security.web.authentication.AnonymousAuthenticationFilter@2d6090be, org.springframework.security.web.session.SessionManagementFilter@1792cf0c, org.springframework.security.web.access.ExceptionTranslationFilter@5e4a1453, org.springframework.security.web.access.intercept.AuthorizationFilter@1bb37f55]
20-03-2023 00:08:52.417 [restartedMain] INFO  o.s.b.d.a.OptionalLiveReloadServer.startServer - LiveReload server is running on port 35729
20-03-2023 00:08:52.446 [restartedMain] INFO  o.s.b.w.e.tomcat.TomcatWebServer.start - Tomcat started on port(s): 8080 (http) with context path ''
20-03-2023 00:08:52.456 [restartedMain] INFO  c.m.M.MayAirlinesApplication.logStarted - Started MayAirlinesApplication in 3.95 seconds (process running for 4.705)
20-03-2023 00:09:27.903 [http-nio-8080-exec-1] INFO  o.a.c.c.C.[Tomcat].[localhost].[/].log - Initializing Spring DispatcherServlet 'dispatcherServlet'
20-03-2023 00:09:27.905 [http-nio-8080-exec-1] INFO  o.s.web.servlet.DispatcherServlet.initServletBean - Initializing Servlet 'dispatcherServlet'
20-03-2023 00:09:27.906 [http-nio-8080-exec-1] INFO  o.s.web.servlet.DispatcherServlet.initServletBean - Completed initialization in 1 ms
20-03-2023 00:10:33.045 [SpringApplicationShutdownHook] INFO  o.s.o.j.LocalContainerEntityManagerFactoryBean.destroy - Closing JPA EntityManagerFactory for persistence unit 'default'
20-03-2023 00:10:33.050 [SpringApplicationShutdownHook] INFO  com.zaxxer.hikari.HikariDataSource.close - HikariPool-1 - Shutdown initiated...
20-03-2023 00:10:33.055 [SpringApplicationShutdownHook] INFO  com.zaxxer.hikari.HikariDataSource.close - HikariPool-1 - Shutdown completed.
20-03-2023 00:10:36.482 [restartedMain] INFO  c.m.M.MayAirlinesApplication.logStarting - Starting MayAirlinesApplication using Java 17.0.1 with PID 19232 (C:\Users\makif\IdeaProjects\MAYAirlines\target\classes started by makif in C:\Users\makif\IdeaProjects\MAYAirlines)
20-03-2023 00:10:36.485 [restartedMain] INFO  c.m.M.MayAirlinesApplication.logStartupProfileInfo - The following 1 profile is active: "dev"
20-03-2023 00:10:36.515 [restartedMain] INFO  o.s.b.d.e.DevToolsPropertyDefaultsPostProcessor.logTo - Devtools property defaults active! Set 'spring.devtools.add-properties' to 'false' to disable
20-03-2023 00:10:36.516 [restartedMain] INFO  o.s.b.d.e.DevToolsPropertyDefaultsPostProcessor.logTo - For additional web related logging consider setting the 'logging.level.web' property to 'DEBUG'
20-03-2023 00:10:37.037 [restartedMain] INFO  o.s.d.r.c.RepositoryConfigurationDelegate.registerRepositoriesIn - Bootstrapping Spring Data JPA repositories in DEFAULT mode.
20-03-2023 00:10:37.092 [restartedMain] INFO  o.s.d.r.c.RepositoryConfigurationDelegate.registerRepositoriesIn - Finished Spring Data repository scanning in 50 ms. Found 9 JPA repository interfaces.
20-03-2023 00:10:37.496 [restartedMain] INFO  o.s.b.w.e.tomcat.TomcatWebServer.initialize - Tomcat initialized with port(s): 8080 (http)
20-03-2023 00:10:37.504 [restartedMain] INFO  o.a.catalina.core.StandardService.log - Starting service [Tomcat]
20-03-2023 00:10:37.504 [restartedMain] INFO  o.a.catalina.core.StandardEngine.log - Starting Servlet engine: [Apache Tomcat/10.1.5]
20-03-2023 00:10:37.547 [restartedMain] INFO  o.a.c.c.C.[Tomcat].[localhost].[/].log - Initializing Spring embedded WebApplicationContext
20-03-2023 00:10:37.547 [restartedMain] INFO  o.s.b.w.s.c.ServletWebServerApplicationContext.prepareWebApplicationContext - Root WebApplicationContext: initialization completed in 1031 ms
20-03-2023 00:10:37.622 [restartedMain] INFO  o.h.jpa.internal.util.LogHelper.logPersistenceUnitInformation - HHH000204: Processing PersistenceUnitInfo [name: default]
20-03-2023 00:10:37.655 [restartedMain] INFO  org.hibernate.Version.logVersion - HHH000412: Hibernate ORM core version 6.1.6.Final
20-03-2023 00:10:37.779 [restartedMain] WARN  org.hibernate.orm.deprecation.normalizeSettings - HHH90000021: Encountered deprecated setting [javax.persistence.validation.mode], use [jakarta.persistence.validation.mode] instead
20-03-2023 00:10:37.796 [restartedMain] WARN  org.hibernate.orm.deprecation.lambda$new$1 - HHH90000021: Encountered deprecated setting [javax.persistence.sharedCache.mode], use [jakarta.persistence.sharedCache.mode] instead
20-03-2023 00:10:37.883 [restartedMain] INFO  com.zaxxer.hikari.HikariDataSource.getConnection - HikariPool-1 - Starting...
20-03-2023 00:10:38.014 [restartedMain] INFO  com.zaxxer.hikari.pool.HikariPool.checkFailFast - HikariPool-1 - Added connection org.postgresql.jdbc.PgConnection@73010740
20-03-2023 00:10:38.016 [restartedMain] INFO  com.zaxxer.hikari.HikariDataSource.getConnection - HikariPool-1 - Start completed.
20-03-2023 00:10:38.039 [restartedMain] INFO  SQL dialect.logSelectedDialect - HHH000400: Using dialect: org.hibernate.dialect.PostgreSQLDialect
20-03-2023 00:10:38.845 [restartedMain] INFO  o.h.e.t.j.p.i.JtaPlatformInitiator.initiateService - HHH000490: Using JtaPlatform implementation: [org.hibernate.engine.transaction.jta.platform.internal.NoJtaPlatform]
20-03-2023 00:10:38.852 [restartedMain] INFO  o.s.o.j.LocalContainerEntityManagerFactoryBean.buildNativeEntityManagerFactory - Initialized JPA EntityManagerFactory for persistence unit 'default'
20-03-2023 00:10:39.528 [restartedMain] WARN  o.s.b.a.o.j.JpaBaseConfiguration$JpaWebConfiguration.openEntityManagerInViewInterceptor - spring.jpa.open-in-view is enabled by default. Therefore, database queries may be performed during view rendering. Explicitly configure spring.jpa.open-in-view to disable this warning
20-03-2023 00:10:39.698 [restartedMain] INFO  o.s.s.web.DefaultSecurityFilterChain.<init> - Will secure any request with [org.springframework.security.web.session.DisableEncodeUrlFilter@6b89b699, org.springframework.security.web.context.request.async.WebAsyncManagerIntegrationFilter@1c86d993, org.springframework.security.web.context.SecurityContextHolderFilter@52470388, org.springframework.security.web.header.HeaderWriterFilter@217d355d, org.springframework.security.web.authentication.logout.LogoutFilter@2584136c, com.may.MAYAirlines.auth.JwtAuthenticationFilter@57a7972f, org.springframework.security.web.savedrequest.RequestCacheAwareFilter@6fbb5e3c, org.springframework.security.web.servletapi.SecurityContextHolderAwareRequestFilter@75996701, org.springframework.security.web.authentication.AnonymousAuthenticationFilter@126b9f14, org.springframework.security.web.session.SessionManagementFilter@100f7a8, org.springframework.security.web.access.ExceptionTranslationFilter@56758781, org.springframework.security.web.access.intercept.AuthorizationFilter@fef02f1]
20-03-2023 00:10:39.851 [restartedMain] INFO  o.s.b.d.a.OptionalLiveReloadServer.startServer - LiveReload server is running on port 35729
20-03-2023 00:10:39.877 [restartedMain] INFO  o.s.b.w.e.tomcat.TomcatWebServer.start - Tomcat started on port(s): 8080 (http) with context path ''
20-03-2023 00:10:39.887 [restartedMain] INFO  c.m.M.MayAirlinesApplication.logStarted - Started MayAirlinesApplication in 3.713 seconds (process running for 4.468)
20-03-2023 00:10:43.827 [http-nio-8080-exec-1] INFO  o.a.c.c.C.[Tomcat].[localhost].[/].log - Initializing Spring DispatcherServlet 'dispatcherServlet'
20-03-2023 00:10:43.828 [http-nio-8080-exec-1] INFO  o.s.web.servlet.DispatcherServlet.initServletBean - Initializing Servlet 'dispatcherServlet'
20-03-2023 00:10:43.829 [http-nio-8080-exec-1] INFO  o.s.web.servlet.DispatcherServlet.initServletBean - Completed initialization in 1 ms
20-03-2023 00:11:42.490 [SpringApplicationShutdownHook] INFO  o.s.o.j.LocalContainerEntityManagerFactoryBean.destroy - Closing JPA EntityManagerFactory for persistence unit 'default'
20-03-2023 00:11:42.493 [SpringApplicationShutdownHook] INFO  com.zaxxer.hikari.HikariDataSource.close - HikariPool-1 - Shutdown initiated...
20-03-2023 00:11:42.499 [SpringApplicationShutdownHook] INFO  com.zaxxer.hikari.HikariDataSource.close - HikariPool-1 - Shutdown completed.
